
0 Unknown
04PPk99
04ePH99
0CP2REDS0X
1
101
102
111
11g AP
122
123
130
140
188
188ALT
195
1cst0ck8
2
2TEMPE411
2WIRE004
2WIRE005
2WIRE006
2WIRE007
2WIRE008
2WIRE009
2WIRE010
2WIRE011
2WIRE015
2WIRE016
2WIRE018
2WIRE020
2WIRE025
2WIRE028
2WIRE029
2WIRE030
2WIRE031
2WIRE032
2WIRE034
2WIRE036
2WIRE037
2WIRE038
2WIRE041
2WIRE042
2WIRE043
2WIRE044
2WIRE045
2WIRE047
2WIRE048
2WIRE049
2WIRE050
2WIRE051
2WIRE052
2WIRE053
2WIRE054
2WIRE057
2WIRE059
2WIRE060
2WIRE061
2WIRE063
2WIRE064
2WIRE065
2WIRE066
2WIRE067
2WIRE068
2WIRE069
2WIRE070
2WIRE072
2WIRE074
2WIRE075
2WIRE077
2WIRE079
2WIRE080
2WIRE082
2WIRE083
2WIRE085
2WIRE087
2WIRE088
2WIRE089
2WIRE092
2WIRE093
2WIRE094
2WIRE095
2WIRE096
2WIRE098
2WIRE099
2WIRE100
2WIRE103
2WIRE104
2WIRE105
2WIRE106
2WIRE108
2WIRE110
2WIRE111
2WIRE112
2WIRE113
2WIRE114
2WIRE115
2WIRE116
2WIRE117
2WIRE118
2WIRE119
2WIRE125
2WIRE126
2WIRE130
2WIRE132
2WIRE133
2WIRE134
2WIRE135
2WIRE137
2WIRE138
2WIRE139
2WIRE140
2WIRE141
2WIRE142
2WIRE144
2WIRE145
2WIRE146
2WIRE147
2WIRE148
2WIRE150
2WIRE151
2WIRE152
2WIRE153
2WIRE155
2WIRE157
2WIRE158
2WIRE159
2WIRE160
2WIRE161
2WIRE165
2WIRE166
2WIRE168
2WIRE169
2WIRE170
2WIRE171
2WIRE172
2WIRE173
2WIRE175
2WIRE176
2WIRE177
2WIRE178
2WIRE179
2WIRE181
2WIRE182
2WIRE183
2WIRE184
2WIRE185
2WIRE186
2WIRE187
2WIRE188
2WIRE189
2WIRE191
2WIRE192
2WIRE193
2WIRE196
2WIRE197
2WIRE199
2WIRE200
2WIRE202
2WIRE203
2WIRE204
2WIRE205
2WIRE206
2WIRE208
2WIRE210
2WIRE212
2WIRE213
2WIRE215
2WIRE217
2WIRE218
2WIRE219
2WIRE220
2WIRE222
2WIRE224
2WIRE225
2WIRE226
2WIRE227
2WIRE228
2WIRE229
2WIRE230
2WIRE231
2WIRE232
2WIRE233
2WIRE234
2WIRE235
2WIRE237
2WIRE238
2WIRE239
2WIRE240
2WIRE241
2WIRE242
2WIRE244
2WIRE247
2WIRE249
2WIRE250
2WIRE252
2WIRE253
2WIRE254
2WIRE255
2WIRE256
2WIRE259
2WIRE260
2WIRE261
2WIRE262
2WIRE263
2WIRE264
2WIRE265
2WIRE266
2WIRE268
2WIRE269
2WIRE270
2WIRE271
2WIRE272
2WIRE273
2WIRE274
2WIRE275
2WIRE277
2WIRE279
2WIRE280
2WIRE281
2WIRE282
2WIRE283
2WIRE284
2WIRE285
2WIRE286
2WIRE290
2WIRE291
2WIRE292
2WIRE293
2WIRE294
2WIRE295
2WIRE297
2WIRE298
2WIRE299
2WIRE300
2WIRE301
2WIRE303
2WIRE305
2WIRE307
2WIRE308
2WIRE309
2WIRE311
2WIRE312
2WIRE313
2WIRE314
2WIRE315
2WIRE316
2WIRE317
2WIRE318
2WIRE319
2WIRE321
2WIRE323
2WIRE324
2WIRE325
2WIRE326
2WIRE327
2WIRE328
2WIRE329
2WIRE330
2WIRE331
2WIRE333
2WIRE334
2WIRE335
2WIRE336
2WIRE337
2WIRE339
2WIRE340
2WIRE341
2WIRE343
2WIRE344
2WIRE345
2WIRE346
2WIRE347
2WIRE348
2WIRE351
2WIRE352
2WIRE353
2WIRE354
2WIRE355
2WIRE356
2WIRE358
2WIRE359
2WIRE360
2WIRE361
2WIRE362
2WIRE363
2WIRE364
2WIRE365
2WIRE366
2WIRE367
2WIRE368
2WIRE369
2WIRE370
2WIRE371
2WIRE372
2WIRE373
2WIRE374
2WIRE375
2WIRE376
2WIRE377
2WIRE378
2WIRE379
2WIRE382
2WIRE383
2WIRE385
2WIRE386
2WIRE389
2WIRE390
2WIRE391
2WIRE392
2WIRE393
2WIRE394
2WIRE395
2WIRE397
2WIRE398
2WIRE400
2WIRE401
2WIRE404
2WIRE405
2WIRE408
2WIRE409
2WIRE410
2WIRE411
2WIRE413
2WIRE414
2WIRE415
2WIRE416
2WIRE417
2WIRE418
2WIRE419
2WIRE421
2WIRE422
2WIRE424
2WIRE425
2WIRE426
2WIRE427
2WIRE428
2WIRE430
2WIRE431
2WIRE432
2WIRE433
2WIRE434
2WIRE435
2WIRE436
2WIRE437
2WIRE438
2WIRE439
2WIRE441
2WIRE442
2WIRE443
2WIRE444
2WIRE447
2WIRE448
2WIRE449
2WIRE450
2WIRE451
2WIRE452
2WIRE453
2WIRE454
2WIRE455
2WIRE456
2WIRE458
2WIRE459
2WIRE460
2WIRE463
2WIRE467
2WIRE469
2WIRE470
2WIRE471
2WIRE472
2WIRE474
2WIRE475
2WIRE476
2WIRE478
2WIRE479
2WIRE480
2WIRE481
2WIRE482
2WIRE484
2WIRE485
2WIRE486
2WIRE488
2WIRE489
2WIRE490
2WIRE493
2WIRE495
2WIRE496
2WIRE497
2WIRE498
2WIRE499
2WIRE500
2WIRE501
2WIRE505
2WIRE506
2WIRE507
2WIRE508
2WIRE509
2WIRE510
2WIRE511
2WIRE513
2WIRE514
2WIRE515
2WIRE516
2WIRE517
2WIRE518
2WIRE519
2WIRE520
2WIRE521
2WIRE524
2WIRE525
2WIRE526
2WIRE528
2WIRE529
2WIRE530
2WIRE531
2WIRE532
2WIRE533
2WIRE535
2WIRE537
2WIRE538
2WIRE539
2WIRE541
2WIRE542
2WIRE544
2WIRE545
2WIRE546
2WIRE548
2WIRE550
2WIRE551
2WIRE552
2WIRE553
2WIRE554
2WIRE555
2WIRE558
2WIRE559
2WIRE560
2WIRE561
2WIRE562
2WIRE563
2WIRE564
2WIRE565
2WIRE566
2WIRE567
2WIRE569
2WIRE571
2WIRE572
2WIRE576
2WIRE577
2WIRE578
2WIRE579
2WIRE580
2WIRE581
2WIRE582
2WIRE583
2WIRE584
2WIRE586
2WIRE587
2WIRE588
2WIRE589
2WIRE590
2WIRE591
2WIRE592
2WIRE593
2WIRE595
2WIRE596
2WIRE597
2WIRE598
2WIRE599
2WIRE600
2WIRE602
2WIRE603
2WIRE605
2WIRE606
2WIRE608
2WIRE610
2WIRE611
2WIRE612
2WIRE614
2WIRE615
2WIRE616
2WIRE617
2WIRE618
2WIRE620
2WIRE621
2WIRE622
2WIRE623
2WIRE624
2WIRE627
2WIRE631
2WIRE632
2WIRE635
2WIRE636
2WIRE639
2WIRE640
2WIRE641
2WIRE642
2WIRE645
2WIRE646
2WIRE647
2WIRE648
2WIRE650
2WIRE651
2WIRE652
2WIRE653
2WIRE654
2WIRE655
2WIRE656
2WIRE657
2WIRE658
2WIRE659
2WIRE661
2WIRE663
2WIRE665
2WIRE667
2WIRE668
2WIRE669
2WIRE670
2WIRE672
2WIRE673
2WIRE674
2WIRE675
2WIRE677
2WIRE678
2WIRE679
2WIRE680
2WIRE681
2WIRE682
2WIRE683
2WIRE684
2WIRE686
2WIRE687
2WIRE688
2WIRE689
2WIRE690
2WIRE691
2WIRE692
2WIRE693
2WIRE694
2WIRE696
2WIRE698
2WIRE699
2WIRE700
2WIRE701
2WIRE704
2WIRE705
2WIRE706
2WIRE707
2WIRE708
2WIRE709
2WIRE710
2WIRE711
2WIRE712
2WIRE714
2WIRE715
2WIRE717
2WIRE718
2WIRE720
2WIRE723
2WIRE724
2WIRE726
2WIRE730
2WIRE731
2WIRE732
2WIRE735
2WIRE736
2WIRE737
2WIRE738
2WIRE739
2WIRE741
2WIRE743
2WIRE744
2WIRE747
2WIRE749
2WIRE750
2WIRE751
2WIRE752
2WIRE753
2WIRE754
2WIRE755
2WIRE756
2WIRE757
2WIRE760
2WIRE762
2WIRE763
2WIRE766
2WIRE767
2WIRE768
2WIRE770
2WIRE771
2WIRE773
2WIRE774
2WIRE775
2WIRE778
2WIRE779
2WIRE782
2WIRE784
2WIRE785
2WIRE787
2WIRE788
2WIRE789
2WIRE790
2WIRE792
2WIRE793
2WIRE795
2WIRE796
2WIRE798
2WIRE800
2WIRE801
2WIRE803
2WIRE804
2WIRE806
2WIRE807
2WIRE808
2WIRE810
2WIRE812
2WIRE814
2WIRE817
2WIRE818
2WIRE820
2WIRE822
2WIRE825
2WIRE826
2WIRE827
2WIRE828
2WIRE829
2WIRE831
2WIRE832
2WIRE833
2WIRE834
2WIRE835
2WIRE836
2WIRE837
2WIRE839
2WIRE840
2WIRE841
2WIRE842
2WIRE844
2WIRE845
2WIRE846
2WIRE847
2WIRE850
2WIRE852
2WIRE854
2WIRE855
2WIRE856
2WIRE857
2WIRE859
2WIRE860
2WIRE861
2WIRE864
2WIRE865
2WIRE866
2WIRE867
2WIRE870
2WIRE872
2WIRE873
2WIRE874
2WIRE875
2WIRE876
2WIRE878
2WIRE879
2WIRE880
2WIRE881
2WIRE882
2WIRE884
2WIRE885
2WIRE886
2WIRE889
2WIRE890
2WIRE891
2WIRE892
2WIRE894
2WIRE895
2WIRE896
2WIRE897
2WIRE898
2WIRE899
2WIRE902
2WIRE903
2WIRE905
2WIRE906
2WIRE907
2WIRE908
2WIRE910
2WIRE911
2WIRE913
2WIRE914
2WIRE917
2WIRE918
2WIRE919
2WIRE921
2WIRE923
2WIRE925
2WIRE926
2WIRE927
2WIRE929
2WIRE930
2WIRE931
2WIRE935
2WIRE936
2WIRE937
2WIRE938
2WIRE940
2WIRE941
2WIRE943
2WIRE944
2WIRE945
2WIRE946
2WIRE948
2WIRE950
2WIRE951
2WIRE952
2WIRE955
2WIRE957
2WIRE960
2WIRE961
2WIRE962
2WIRE963
2WIRE964
2WIRE965
2WIRE966
2WIRE967
2WIRE973
2WIRE975
2WIRE976
2WIRE978
2WIRE979
2WIRE984
2WIRE985
2WIRE986
2WIRE990
2WIRE991
2WIRE992
2WIRE993
2WIRE994
2WIRE995
2WIRE997
2WIRE998
2eja5qmd6cna
2wire021
2wire039
2wire046
2wire122
2wire129
2wire304
2wire384
2wire420
2wire429
2wire468
2wire619
2wire633
2wire662
2wire722
2wire746
2wire783
2wire794
2wire824
2wire868
2wire928
3Com
3blindmice
5ECUR3w3p5TOR3
72653
72654
7590000001
<No current ssid>
<any ssid>
<hidden ssid>
<no ssid>
@home
ACC
ACCTON
ACTIONTEC
ADC Kentrox
ADSL-WiFi
AISD-GUEST
ALICE-WLAN
AMAT_Prod
AMD_IBSS
AMX
ANY
AP7XR
AP_Router
ASAP
AT&T
AT&T Wireless
AZRF
Acc
Access
Accton
Aceex
Actiontec
Adam
Adc Kentrox
Adtran
Agere Systems
Air2Data
AirLink+
AirOrange
AirWave
Airport
Aiway
Alcatel
Alex
Allied Telesyn
Allnet
Ambit
Amitech
Andrew
Apartment
Apple
Apple Network
ArcorWirelessLAN
Arescom
Ascend
Ascom
Asmack
Asus
Ativa54g
Avaya
B2B
BAILEY
BNDEMO
BRIDGE
BSU
BTOpenzone
BWA711
Barney
Base Stations
Bausch Datacom
Bay Networks
Baymont
BeBox
Belkin
Belkin54g
Belkin_G_Plus_MIMO_180170
Belkin_G_Plus_MIMO_785000
Benq
BestWestern
Bintec
Blitzz
Blue
Boson
Brian
Broadlogic
Buffalo
CEDSAP
CISCO
CMU
COMPAQ
CONNECT2AIR
CPSWIRELESS
Cable & Wireless
Cabletron
Canyon
CapCBR
CaseGuest
Cayman
Chris
Cisco
Comcast
Compaq
Conexant
ConnectionPoint
Cox-Hospitality
Customer ID
Customer_ID
D-LINK
D-Link
DAN
DLINK
DLinkVWR
DSLWLANModem200
DV201AM
DYNEX
Dave
DaysInn
Dell
Digicorp
Dlink 713P
Draadloos
DruryHotels
E-Tech
EASE
ELSA
EPSON
ESSID51
EarthLinkWiFi
Edimax
Efficient
Efficient Network
Elsa
Ericsson
Ethostream
FDSSEC
FG04Apr06MBS
FON_AP
FRANK
FRITZ!Box Fon WLAN
FRITZ!Box Fon WLAN 7050
FRITZ!Box Fon WLAN 7141
FRITZ!Box Fon WLAN 7170
FRITZ!Box SL WLAN
FRITZ!Box WLAN 3030
FRITZ!Box WLAN 3050
Family
Feather
FeatherByEarthLink
Flowpoint
Free Internet Access
Free Public WiFi
Fujitsu Siemens
G604T_WIRELESS
GDS VCI 01
GPCSTORE
GTW
Galaxy
Gary
Gateway
GeorgeAP22
GlobalSuiteWireless
GlobalSync
GoAway
GoldenTree
Green
Guest
Guestnet
HBS
HOMENETWORK
HOMEWLAN
HOTEL
HWLAN1
Harvard University
Heb1905
Holiday Inn
Home AirPort
Home Network
Home Office
HomeNet
HomeOffice
HomeRun
HomeWireless
Homestead
Hooters
HotSpot
HotelAir
HotelNet
House
IBM
IEEE 802.11 LAN
IEEE 802.11b LAN
INTERMEC
ITS Wireless
IU Wireless
Infosmart
Instant Internet
Intel
Intel Gateway
Internet
Internet Oasis (FREE)
JACK
JAHT
JONES
James
Jason
Jet Blue hot spot
Jim
KC_LV_2003
KPN
Kelly
Kevin
Kimpton
KiteNet
LINKSYS
LISA
LODGE
Lee
Library
Linksys
LiteShow
Livingston
LockOn
Lucent Outdoor Router
MCWN80
MIT
MSFTGUEST
MSFTWLAN
MSHOME
MSUNet Wireless
MU-WIRELESS-LITE
MYPLACE
MacSense
Main
Maison
Marconi
Matt
Max
Medion
MetroFi-Free
Michael
Michelle
Microsoft Broadband Networking Routers
Mikrotik
Miller
Motorola
My Network
My Wireless Network A
My Wireless Network B
N9UF_TEL9COM
NESPOT
NETGEAR
NETGEAR_11g
NETWORK
NOMAD
Netgear
Netgear1
Neuf WiFi
NoWireUC
Nokia
OMNI
Office
Olitec
On-Net
PANERA
PASSYM
PATRICK
PCX5000
PRAVEEN
PWLAN1
Pal
Panasonic Display1
Paul
Pentagram
Philips WiFi
Pirelli
Praveen
Print Server
Private
PwC80211
RCA
RGXLPQSNGBNYVRAK
RTC
RYAN
Richard
RoamAbout Default Network Name
Robert
SILENTWITNESS
SITECOM
SMARTSIGHT
SMC
SST-PR-1
SST-Page Ranking-1
STOPS
STSN
STSN_Conf
Sam
Scott
Siemens
Siemens SpeedStream
SiriCOMM
Sitecom
SkyHighSpeed
Skynet
SmartSwitch
Smith
Spark
Speed Touch
SpeedLinks
SpeedStream
Speedport W 501V
Stanford
Super8
SurfandSip
Symbol
T-Comfort
T-Mobile_T-Com
TA
TEKLOGIX
TELENETHOTSPOT
TELUS
TI
TI-AR7WRD
TP-LINK
Teledat
Telekom Malaysia
Telenor Mobil WLAN
Teletronics
Telnet
Telstra
Thomson
Thuis
Thunderbolt
Topcom
Truckstop.neT
UBC
UCSD
UIUCnet
UNEX
UPSTAIRS
US Airways Free WiFi
US Robotic
USR5450
USR5461
USR5462
USR5463
USR8022
USR8054
USR9106
UTStarcom
Unex
University of Washington
Untitled
UofM Wireless
V1500
VOIP
Vanilla
Verizon
Verizon Wi-Fi
Virgin Broadband
Voice
WAG0Nwhee1
WANO
WAZASU
WAZTempe
WLAN
WLAN-AP
WLAN-PS
WLCM
WNR2004
WORK
WRC_Network
WSR-5000
Wastell
WaveLAN Network
Wayport_Access
Webstar
WiFi
WiFi Zone - The Cloud
Williams
Wingate
Wireless
Wireless Network
Wireless1
WirelessNet
X-Micro
Xyplex
Yakumo
Zoom
ZyXEL
Zyxel
^Y
acc
accton
acer
admin
airimba
airnet
airpath
airport network
airportthru
aiway
alcatel
allied telesyn
allnet
alpha
ambit
amitech
anderson
andy
ap
ap1
apple
arescom
arwain.net
ascend
ascom
asmack
asu
asus
attwifi
avaya
ba2
belgacom
benq
bestbuy
bill
bintec
bob
boson
bridge
broadlogic
brown
buffalo
cable & wireless
cabletron
camera3
canyon
casa
cavalier
cayman
cci
charlie
cisco
comfort
comfortinn
comtrend
concourse
conexant
cool cloud
cuairnet
cvsretail
d
d0llartree1nc
daniel
datavalet
david
davis
dd-wrt
default
default-ssid
defcon
dell
dgs769157
digicorp
digitalpath.net
dlink_wireless
dnawlan
e478
eHome
ea54
edimax
eduroam
efficient
eric
ericsson
etwireless
eurospot
fa1779zvpo
fanTM
fatport
flowpoint
flyingj
frank
fred
freedom
freedomlink
freephonie
g3n3r1cw8p
gateway
george
getwifi
gigabyte
goesh
greg
guestwifi
hai
hawking
hhonors
hilton
holiday
holidayinn
home
home wireless
home1
home\wireless
homebase
homelan
homer
hp
hpsetup
hsia
hwtvm
hyatt
ibahn
innflux
intel
intelwlan
jackson
jah719
jeff
jennifer
joe
john
johnson
kabelinternet
kaisicher
karen
kim
laptop
laquinta
larry
linda
link
linksys
linksys-g
linksys1
linksys123
linksys2
linksysxx
livingston
lpstar
maison
mark
marriott
martin
mary
matrix
mcsy
medion
megahoc
megahoc.21
megahoc.v22
megahoc.v23
megahoc.v24
mike
mikrotik
mine
mobile
monkey
motorola
msi
mycloud
myhome
mynet
mynetwork
mywireless
mywlan
net
netpoint
no_ssid
nokia
nomad5
non-specified SSID !!
nowireapaccess
nowires
nuwlan
office54g
olitec
onenet
orange
orange12
orange13
orange14
osuwireless
panera
pennstate
pentagram
peter
philips
pi07490509x
pi07490509x09
pi07490509x09sa
pi07490509xsa
pirelli
pocwyg7swean
poswireless
praveen
public
pvdorm
ramada
restricted.utexas.edu
roomlinx
router
sarah
sboca
scandic_easy
setup
siemens
signNet
sitecom
skyriver
smartswitch
smc
smith
sonicwall
speed touch
ssid
stayonline
steve
student
studio
suitespeed
surfhere
susan
swisscom
taylor
tdc
teledat
telekom malaysia
teletronics
telnet
test
thomas
thunderbolt
tigernet
tim
tmobile
tom
tony
trendnet
tsunami
turbonet
typhoon
ubcsecure
unex
usr2249
utexas
virus
visitor
vodafone
vpnator
walker
west
wifizone
wilson
wireless home
wirelesshome
wirelesslan
workgroup
wxyz
xyplex
yakumo
yale wireless
yournetworkname
z3w7fsb4
ÜCottonwood
ÜRegency
OSIRIS
0password
